<?xml version="1.0" encoding="UTF-8"?>
<testsuite name="com.example.scheduler.tests.dao.DaoTest" tests="8" skipped="0" failures="0" errors="0" timestamp="2023-12-13T09:08:44" hostname="DESKTOP-DVH4IG9" time="9.9">
  <properties/>
  <testcase name="changeTeacherTest()" classname="com.example.scheduler.tests.dao.DaoTest" time="2.24"/>
  <testcase name="getFieldIDTest()" classname="com.example.scheduler.tests.dao.DaoTest" time="0.772"/>
  <testcase name="locationIDTest()" classname="com.example.scheduler.tests.dao.DaoTest" time="0.731"/>
  <testcase name="changeRoomTest()" classname="com.example.scheduler.tests.dao.DaoTest" time="1.639"/>
  <testcase name="getTeacherIDTest()" classname="com.example.scheduler.tests.dao.DaoTest" time="0.972"/>
  <testcase name="getRoomIDTest()" classname="com.example.scheduler.tests.dao.DaoTest" time="0.757"/>
  <testcase name="changeHourAndRoomTest()" classname="com.example.scheduler.tests.dao.DaoTest" time="1.253"/>
  <testcase name="canTeacherMoveBetweenClassesTest()" classname="com.example.scheduler.tests.dao.DaoTest" time="1.531"/>
  <system-out><![CDATA[]]></system-out>
  <system-err><![CDATA[]]></system-err>
</testsuite>
