<?xml version="1.0" encoding="UTF-8"?>
<testsuite name="com.example.scheduler.tests.controllersDirector.ShowPlanControllerTest" tests="14" skipped="0" failures="0" errors="0" timestamp="2023-12-13T09:08:23" hostname="DESKTOP-DVH4IG9" time="15.829">
  <properties/>
  <testcase name="showGroupTest()" classname="com.example.scheduler.tests.controllersDirector.ShowPlanControllerTest" time="0.619"/>
  <testcase name="deleteFromPlanTest()" classname="com.example.scheduler.tests.controllersDirector.ShowPlanControllerTest" time="0.603"/>
  <testcase name="createChangeHourVBox()" classname="com.example.scheduler.tests.controllersDirector.ShowPlanControllerTest" time="0.45"/>
  <testcase name="createChangeRoomVBox()" classname="com.example.scheduler.tests.controllersDirector.ShowPlanControllerTest" time="0.406"/>
  <testcase name="exportPlanForGroupTest()" classname="com.example.scheduler.tests.controllersDirector.ShowPlanControllerTest" time="3.587"/>
  <testcase name="exportAllTeachersTest()" classname="com.example.scheduler.tests.controllersDirector.ShowPlanControllerTest" time="2.624"/>
  <testcase name="showMenuTest()" classname="com.example.scheduler.tests.controllersDirector.ShowPlanControllerTest" time="0.43"/>
  <testcase name="testCreateChangeTeacherVbox()" classname="com.example.scheduler.tests.controllersDirector.ShowPlanControllerTest" time="0.403"/>
  <testcase name="messageTest()" classname="com.example.scheduler.tests.controllersDirector.ShowPlanControllerTest" time="0.432"/>
  <testcase name="showTeacherTest()" classname="com.example.scheduler.tests.controllersDirector.ShowPlanControllerTest" time="0.582"/>
  <testcase name="getPlanTeacherAndChangeHourTest()" classname="com.example.scheduler.tests.controllersDirector.ShowPlanControllerTest" time="1.191"/>
  <testcase name="createChangeHourPlatformVbox()" classname="com.example.scheduler.tests.controllersDirector.ShowPlanControllerTest" time="0.449"/>
  <testcase name="setUpTableTest()" classname="com.example.scheduler.tests.controllersDirector.ShowPlanControllerTest" time="0.395"/>
  <testcase name="exportAllGroupsFromFieldTest()" classname="com.example.scheduler.tests.controllersDirector.ShowPlanControllerTest" time="3.65"/>
  <system-out><![CDATA[]]></system-out>
  <system-err><![CDATA[]]></system-err>
</testsuite>
