<?xml version="1.0" encoding="UTF-8"?>
<testsuite name="com.example.scheduler.tests.controllersDirector.CreatePlanControllerTest" tests="4" skipped="0" failures="0" errors="0" timestamp="2023-12-13T09:08:14" hostname="DESKTOP-DVH4IG9" time="7.48">
  <properties/>
  <testcase name="messageTest()" classname="com.example.scheduler.tests.controllersDirector.CreatePlanControllerTest" time="0.69"/>
  <testcase name="testBreakBetweenClasses()" classname="com.example.scheduler.tests.controllersDirector.CreatePlanControllerTest" time="2.515"/>
  <testcase name="getHintWhileNoTeachers()" classname="com.example.scheduler.tests.controllersDirector.CreatePlanControllerTest" time="1.538"/>
  <testcase name="createSaveAndRetrievePlan()" classname="com.example.scheduler.tests.controllersDirector.CreatePlanControllerTest" time="2.735"/>
  <system-out><![CDATA[]]></system-out>
  <system-err><![CDATA[]]></system-err>
</testsuite>
