<?xml version="1.0" encoding="UTF-8"?>
<testsuite name="com.example.scheduler.tests.Utils.EnglishDayConverterTest" tests="4" skipped="0" failures="0" errors="0" timestamp="2023-12-04T12:45:09" hostname="DESKTOP-DVH4IG9" time="0.926">
  <properties/>
  <testcase name="testFromPolishName()" classname="com.example.scheduler.tests.Utils.EnglishDayConverterTest" time="0.237"/>
  <testcase name="testToPolishNameNonExistingTranslation()" classname="com.example.scheduler.tests.Utils.EnglishDayConverterTest" time="0.23"/>
  <testcase name="testToPolishName()" classname="com.example.scheduler.tests.Utils.EnglishDayConverterTest" time="0.229"/>
  <testcase name="testFromPolishNameNonExistingTranslation()" classname="com.example.scheduler.tests.Utils.EnglishDayConverterTest" time="0.228"/>
  <system-out><![CDATA[]]></system-out>
  <system-err><![CDATA[]]></system-err>
</testsuite>
