<?xml version="1.0" encoding="UTF-8"?>
<testsuite name="com.example.scheduler.tests.Utils.CommonUtilTest" tests="8" skipped="0" failures="0" errors="0" timestamp="2023-12-04T12:45:04" hostname="DESKTOP-DVH4IG9" time="4.602">
  <properties/>
  <testcase name="testCreateCompletedLabel()" classname="com.example.scheduler.tests.Utils.CommonUtilTest" time="2.116"/>
  <testcase name="testCreateUpdateButton()" classname="com.example.scheduler.tests.Utils.CommonUtilTest" time="0.523"/>
  <testcase name="testIntToRoman()" classname="com.example.scheduler.tests.Utils.CommonUtilTest" time="0.237"/>
  <testcase name="testRomanToInt()" classname="com.example.scheduler.tests.Utils.CommonUtilTest" time="0.237"/>
  <testcase name="testSetOnItemSelected()" classname="com.example.scheduler.tests.Utils.CommonUtilTest" time="0.377"/>
  <testcase name="testGetPlanStartDay()" classname="com.example.scheduler.tests.Utils.CommonUtilTest" time="0.237"/>
  <testcase name="testSetTextFieldStyle()" classname="com.example.scheduler.tests.Utils.CommonUtilTest" time="0.635"/>
  <testcase name="testCreateResetButton()" classname="com.example.scheduler.tests.Utils.CommonUtilTest" time="0.23"/>
  <system-out><![CDATA[]]></system-out>
  <system-err><![CDATA[]]></system-err>
</testsuite>
