<?xml version="1.0" encoding="UTF-8"?>
<testsuite name="com.example.scheduler.tests.controllersAdmin.TeacherModuleControllerTest" tests="13" skipped="0" failures="0" errors="0" timestamp="2023-12-13T09:08:03" hostname="DESKTOP-DVH4IG9" time="10.82">
  <properties/>
  <testcase name="createStepperTest()" classname="com.example.scheduler.tests.controllersAdmin.TeacherModuleControllerTest" time="0.826"/>
  <testcase name="showMenuTest()" classname="com.example.scheduler.tests.controllersAdmin.TeacherModuleControllerTest" time="0.651"/>
  <testcase name="showAddDeleteTeacherTest()" classname="com.example.scheduler.tests.controllersAdmin.TeacherModuleControllerTest" time="0.798"/>
  <testcase name="messageTest()" classname="com.example.scheduler.tests.controllersAdmin.TeacherModuleControllerTest" time="0.74"/>
  <testcase name="setOnDaySelectedTest()" classname="com.example.scheduler.tests.controllersAdmin.TeacherModuleControllerTest" time="0.651"/>
  <testcase name="onTabsChanged()" classname="com.example.scheduler.tests.controllersAdmin.TeacherModuleControllerTest" time="0.678"/>
  <testcase name="createAddTeacherFromFileVBoxTest()" classname="com.example.scheduler.tests.controllersAdmin.TeacherModuleControllerTest" time="0.659"/>
  <testcase name="checkDBAddAndEditTeacherTest()" classname="com.example.scheduler.tests.controllersAdmin.TeacherModuleControllerTest" time="1.302"/>
  <testcase name="showTeacherSubjectsAndAvailability()" classname="com.example.scheduler.tests.controllersAdmin.TeacherModuleControllerTest" time="0.893"/>
  <testcase name="checkSubjectWasDeletedTest()" classname="com.example.scheduler.tests.controllersAdmin.TeacherModuleControllerTest" time="0.812"/>
  <testcase name="createTeacherEditDialogTest()" classname="com.example.scheduler.tests.controllersAdmin.TeacherModuleControllerTest" time="0.78"/>
  <testcase name="validateTeacherFromFile()" classname="com.example.scheduler.tests.controllersAdmin.TeacherModuleControllerTest" time="0.656"/>
  <testcase name="addTeachersFromFile()" classname="com.example.scheduler.tests.controllersAdmin.TeacherModuleControllerTest" time="1.366"/>
  <system-out><![CDATA[]]></system-out>
  <system-err><![CDATA[]]></system-err>
</testsuite>
