<?xml version="1.0" encoding="UTF-8"?>
<testsuite name="com.example.scheduler.tests.controllersDirector.LoginControllerTest" tests="5" skipped="0" failures="0" errors="0" timestamp="2023-12-13T09:08:21" hostname="DESKTOP-DVH4IG9" time="2.179">
  <properties/>
  <testcase name="onLoginPressedTest()" classname="com.example.scheduler.tests.controllersDirector.LoginControllerTest" time="0.557"/>
  <testcase name="setActionsTest()" classname="com.example.scheduler.tests.controllersDirector.LoginControllerTest" time="0.407"/>
  <testcase name="setTextsTest()" classname="com.example.scheduler.tests.controllersDirector.LoginControllerTest" time="0.39"/>
  <testcase name="createDbPasswordDialogTest()" classname="com.example.scheduler.tests.controllersDirector.LoginControllerTest" time="0.436"/>
  <testcase name="setConstraintTest()" classname="com.example.scheduler.tests.controllersDirector.LoginControllerTest" time="0.387"/>
  <system-out><![CDATA[]]></system-out>
  <system-err><![CDATA[]]></system-err>
</testsuite>
