<?xml version="1.0" encoding="UTF-8"?>
<testsuite name="com.example.scheduler.tests.controllersDirector.CreatePlanControllerTest" tests="4" skipped="0" failures="0" errors="0" timestamp="2023-12-04T12:46:05" hostname="DESKTOP-DVH4IG9" time="9.226">
  <properties/>
  <testcase name="messageTest()" classname="com.example.scheduler.tests.controllersDirector.CreatePlanControllerTest" time="0.813"/>
  <testcase name="testBreakBetweenClasses()" classname="com.example.scheduler.tests.controllersDirector.CreatePlanControllerTest" time="3.1"/>
  <testcase name="getHintWhileNoTeachers()" classname="com.example.scheduler.tests.controllersDirector.CreatePlanControllerTest" time="1.937"/>
  <testcase name="createSaveAndRetrievePlan()" classname="com.example.scheduler.tests.controllersDirector.CreatePlanControllerTest" time="3.372"/>
  <system-out><![CDATA[]]></system-out>
  <system-err><![CDATA[]]></system-err>
</testsuite>
