<?xml version="1.0" encoding="UTF-8"?>
<testsuite name="com.example.scheduler.tests.controllersDirector.LoginControllerTest" tests="5" skipped="0" failures="0" errors="0" timestamp="2023-12-04T12:46:14" hostname="DESKTOP-DVH4IG9" time="2.933">
  <properties/>
  <testcase name="onLoginPressedTest()" classname="com.example.scheduler.tests.controllersDirector.LoginControllerTest" time="0.766"/>
  <testcase name="setActionsTest()" classname="com.example.scheduler.tests.controllersDirector.LoginControllerTest" time="0.55"/>
  <testcase name="setTextsTest()" classname="com.example.scheduler.tests.controllersDirector.LoginControllerTest" time="0.547"/>
  <testcase name="createDbPasswordDialogTest()" classname="com.example.scheduler.tests.controllersDirector.LoginControllerTest" time="0.575"/>
  <testcase name="setConstraintTest()" classname="com.example.scheduler.tests.controllersDirector.LoginControllerTest" time="0.491"/>
  <system-out><![CDATA[]]></system-out>
  <system-err><![CDATA[]]></system-err>
</testsuite>
