<?xml version="1.0" encoding="UTF-8"?>
<testsuite name="com.example.scheduler.tests.dao.DaoTest" tests="8" skipped="0" failures="0" errors="0" timestamp="2023-12-04T12:46:39" hostname="DESKTOP-DVH4IG9" time="11.655">
  <properties/>
  <testcase name="changeTeacherTest()" classname="com.example.scheduler.tests.dao.DaoTest" time="2.521"/>
  <testcase name="getFieldIDTest()" classname="com.example.scheduler.tests.dao.DaoTest" time="0.949"/>
  <testcase name="locationIDTest()" classname="com.example.scheduler.tests.dao.DaoTest" time="0.883"/>
  <testcase name="changeRoomTest()" classname="com.example.scheduler.tests.dao.DaoTest" time="1.858"/>
  <testcase name="getTeacherIDTest()" classname="com.example.scheduler.tests.dao.DaoTest" time="1.197"/>
  <testcase name="getRoomIDTest()" classname="com.example.scheduler.tests.dao.DaoTest" time="0.894"/>
  <testcase name="changeHourAndRoomTest()" classname="com.example.scheduler.tests.dao.DaoTest" time="1.538"/>
  <testcase name="canTeacherMoveBetweenClassesTest()" classname="com.example.scheduler.tests.dao.DaoTest" time="1.811"/>
  <system-out><![CDATA[]]></system-out>
  <system-err><![CDATA[]]></system-err>
</testsuite>
