<?xml version="1.0" encoding="UTF-8"?>
<testsuite name="com.example.scheduler.tests.controllersAdmin.GroupModuleControllerTest" tests="6" skipped="0" failures="0" errors="0" timestamp="2023-12-13T09:07:54" hostname="DESKTOP-DVH4IG9" time="2.355">
  <properties/>
  <testcase name="showMenuTest()" classname="com.example.scheduler.tests.controllersAdmin.GroupModuleControllerTest" time="0.321"/>
  <testcase name="messageTest()" classname="com.example.scheduler.tests.controllersAdmin.GroupModuleControllerTest" time="0.342"/>
  <testcase name="addAndDeleteGroupTest()" classname="com.example.scheduler.tests.controllersAdmin.GroupModuleControllerTest" time="0.661"/>
  <testcase name="setOnTabsChangedTest()" classname="com.example.scheduler.tests.controllersAdmin.GroupModuleControllerTest" time="0.314"/>
  <testcase name="clearBoxesTest()" classname="com.example.scheduler.tests.controllersAdmin.GroupModuleControllerTest" time="0.309"/>
  <testcase name="showWarningsTest()" classname="com.example.scheduler.tests.controllersAdmin.GroupModuleControllerTest" time="0.404"/>
  <system-out><![CDATA[]]></system-out>
  <system-err><![CDATA[]]></system-err>
</testsuite>
