<?xml version="1.0" encoding="UTF-8"?>
<testsuite name="com.example.scheduler.tests.controllersDirector.ShowPlanForRoomsControllerTest" tests="4" skipped="0" failures="0" errors="0" timestamp="2023-12-13T09:08:39" hostname="DESKTOP-DVH4IG9" time="4.616">
  <properties/>
  <testcase name="exportPlanForRoomsTest()" classname="com.example.scheduler.tests.controllersDirector.ShowPlanForRoomsControllerTest" time="3.524"/>
  <testcase name="messageTest()" classname="com.example.scheduler.tests.controllersDirector.ShowPlanForRoomsControllerTest" time="0.309"/>
  <testcase name="setUpTableTest()" classname="com.example.scheduler.tests.controllersDirector.ShowPlanForRoomsControllerTest" time="0.267"/>
  <testcase name="showPlanForRoomsTest()" classname="com.example.scheduler.tests.controllersDirector.ShowPlanForRoomsControllerTest" time="0.514"/>
  <system-out><![CDATA[]]></system-out>
  <system-err><![CDATA[]]></system-err>
</testsuite>
