<?xml version="1.0" encoding="UTF-8"?>
<testsuite name="com.example.scheduler.tests.controllersAdmin.TeacherModuleControllerTest" tests="13" skipped="0" failures="0" errors="0" timestamp="2023-12-04T12:45:51" hostname="DESKTOP-DVH4IG9" time="13.539">
  <properties/>
  <testcase name="createStepperTest()" classname="com.example.scheduler.tests.controllersAdmin.TeacherModuleControllerTest" time="1.1"/>
  <testcase name="showMenuTest()" classname="com.example.scheduler.tests.controllersAdmin.TeacherModuleControllerTest" time="0.891"/>
  <testcase name="showAddDeleteTeacherTest()" classname="com.example.scheduler.tests.controllersAdmin.TeacherModuleControllerTest" time="0.932"/>
  <testcase name="messageTest()" classname="com.example.scheduler.tests.controllersAdmin.TeacherModuleControllerTest" time="0.869"/>
  <testcase name="setOnDaySelectedTest()" classname="com.example.scheduler.tests.controllersAdmin.TeacherModuleControllerTest" time="0.802"/>
  <testcase name="onTabsChanged()" classname="com.example.scheduler.tests.controllersAdmin.TeacherModuleControllerTest" time="0.831"/>
  <testcase name="createAddTeacherFromFileVBoxTest()" classname="com.example.scheduler.tests.controllersAdmin.TeacherModuleControllerTest" time="0.794"/>
  <testcase name="checkDBAddAndEditTeacherTest()" classname="com.example.scheduler.tests.controllersAdmin.TeacherModuleControllerTest" time="1.543"/>
  <testcase name="showTeacherSubjectsAndAvailability()" classname="com.example.scheduler.tests.controllersAdmin.TeacherModuleControllerTest" time="1.306"/>
  <testcase name="checkSubjectWasDeletedTest()" classname="com.example.scheduler.tests.controllersAdmin.TeacherModuleControllerTest" time="1.027"/>
  <testcase name="createTeacherEditDialogTest()" classname="com.example.scheduler.tests.controllersAdmin.TeacherModuleControllerTest" time="1.011"/>
  <testcase name="validateTeacherFromFile()" classname="com.example.scheduler.tests.controllersAdmin.TeacherModuleControllerTest" time="0.773"/>
  <testcase name="addTeachersFromFile()" classname="com.example.scheduler.tests.controllersAdmin.TeacherModuleControllerTest" time="1.652"/>
  <system-out><![CDATA[]]></system-out>
  <system-err><![CDATA[]]></system-err>
</testsuite>
