<?xml version="1.0" encoding="UTF-8"?>
<testsuite name="com.example.scheduler.tests.Utils.ValidatorUtilTest" tests="16" skipped="0" failures="0" errors="0" timestamp="2023-12-04T12:45:15" hostname="DESKTOP-DVH4IG9" time="5.27">
  <properties/>
  <testcase name="testCreateNotEmptyConstraint()" classname="com.example.scheduler.tests.Utils.ValidatorUtilTest" time="0.335"/>
  <testcase name="createMoreThanOneLetterConstraint()" classname="com.example.scheduler.tests.Utils.ValidatorUtilTest" time="0.337"/>
  <testcase name="createPostalCodeConstraint()" classname="com.example.scheduler.tests.Utils.ValidatorUtilTest" time="0.326"/>
  <testcase name="createFirstLetterBigConstraint()" classname="com.example.scheduler.tests.Utils.ValidatorUtilTest" time="0.335"/>
  <testcase name="testCreateOnlyBigLettersConstraint()" classname="com.example.scheduler.tests.Utils.ValidatorUtilTest" time="0.331"/>
  <testcase name="testCreateNoSpecialCharsExceptDigitsConstraint()" classname="com.example.scheduler.tests.Utils.ValidatorUtilTest" time="0.329"/>
  <testcase name="createNoLongerThan30LettersConstraint()" classname="com.example.scheduler.tests.Utils.ValidatorUtilTest" time="0.326"/>
  <testcase name="createNoLongerThanSixLettersConstraint()" classname="com.example.scheduler.tests.Utils.ValidatorUtilTest" time="0.319"/>
  <testcase name="createNoSpecialCharsConstraint()" classname="com.example.scheduler.tests.Utils.ValidatorUtilTest" time="0.323"/>
  <testcase name="testCreateBigLetterConstraint()" classname="com.example.scheduler.tests.Utils.ValidatorUtilTest" time="0.323"/>
  <testcase name="testCreateExactlyNineDigitConstraint()" classname="com.example.scheduler.tests.Utils.ValidatorUtilTest" time="0.328"/>
  <testcase name="testCreateContainsDigitConstraint()" classname="com.example.scheduler.tests.Utils.ValidatorUtilTest" time="0.328"/>
  <testcase name="createOnlyDigitsAllowedConstraint()" classname="com.example.scheduler.tests.Utils.ValidatorUtilTest" time="0.344"/>
  <testcase name="createIncorrectEmailConstraint()" classname="com.example.scheduler.tests.Utils.ValidatorUtilTest" time="0.317"/>
  <testcase name="testCreateEqualPasswordsConstraint()" classname="com.example.scheduler.tests.Utils.ValidatorUtilTest" time="0.328"/>
  <testcase name="createLettersSmallExceptFirstConstraint()" classname="com.example.scheduler.tests.Utils.ValidatorUtilTest" time="0.332"/>
  <system-out><![CDATA[]]></system-out>
  <system-err><![CDATA[]]></system-err>
</testsuite>
