<?xml version="1.0" encoding="UTF-8"?>
<testsuite name="com.example.scheduler.tests.controllersDirector.ShowPlanControllerTest" tests="14" skipped="0" failures="0" errors="0" timestamp="2023-12-04T12:46:17" hostname="DESKTOP-DVH4IG9" time="17.081">
  <properties/>
  <testcase name="showGroupTest()" classname="com.example.scheduler.tests.controllersDirector.ShowPlanControllerTest" time="0.624"/>
  <testcase name="deleteFromPlanTest()" classname="com.example.scheduler.tests.controllersDirector.ShowPlanControllerTest" time="0.755"/>
  <testcase name="createChangeHourVBox()" classname="com.example.scheduler.tests.controllersDirector.ShowPlanControllerTest" time="0.536"/>
  <testcase name="createChangeRoomVBox()" classname="com.example.scheduler.tests.controllersDirector.ShowPlanControllerTest" time="0.464"/>
  <testcase name="exportPlanForGroupTest()" classname="com.example.scheduler.tests.controllersDirector.ShowPlanControllerTest" time="3.652"/>
  <testcase name="exportAllTeachersTest()" classname="com.example.scheduler.tests.controllersDirector.ShowPlanControllerTest" time="2.745"/>
  <testcase name="showMenuTest()" classname="com.example.scheduler.tests.controllersDirector.ShowPlanControllerTest" time="0.528"/>
  <testcase name="testCreateChangeTeacherVbox()" classname="com.example.scheduler.tests.controllersDirector.ShowPlanControllerTest" time="0.496"/>
  <testcase name="messageTest()" classname="com.example.scheduler.tests.controllersDirector.ShowPlanControllerTest" time="0.554"/>
  <testcase name="showTeacherTest()" classname="com.example.scheduler.tests.controllersDirector.ShowPlanControllerTest" time="0.671"/>
  <testcase name="getPlanTeacherAndChangeHourTest()" classname="com.example.scheduler.tests.controllersDirector.ShowPlanControllerTest" time="1.296"/>
  <testcase name="createChangeHourPlatformVbox()" classname="com.example.scheduler.tests.controllersDirector.ShowPlanControllerTest" time="0.521"/>
  <testcase name="setUpTableTest()" classname="com.example.scheduler.tests.controllersDirector.ShowPlanControllerTest" time="0.473"/>
  <testcase name="exportAllGroupsFromFieldTest()" classname="com.example.scheduler.tests.controllersDirector.ShowPlanControllerTest" time="3.758"/>
  <system-out><![CDATA[]]></system-out>
  <system-err><![CDATA[]]></system-err>
</testsuite>
