<?xml version="1.0" encoding="UTF-8"?>
<testsuite name="com.example.scheduler.tests.Utils.CommonUtilTest" tests="8" skipped="0" failures="0" errors="0" timestamp="2023-12-13T09:07:23" hostname="DESKTOP-DVH4IG9" time="3.538">
  <properties/>
  <testcase name="testCreateCompletedLabel()" classname="com.example.scheduler.tests.Utils.CommonUtilTest" time="1.367"/>
  <testcase name="testCreateUpdateButton()" classname="com.example.scheduler.tests.Utils.CommonUtilTest" time="0.403"/>
  <testcase name="testIntToRoman()" classname="com.example.scheduler.tests.Utils.CommonUtilTest" time="0.232"/>
  <testcase name="testRomanToInt()" classname="com.example.scheduler.tests.Utils.CommonUtilTest" time="0.234"/>
  <testcase name="testSetOnItemSelected()" classname="com.example.scheduler.tests.Utils.CommonUtilTest" time="0.357"/>
  <testcase name="testGetPlanStartDay()" classname="com.example.scheduler.tests.Utils.CommonUtilTest" time="0.238"/>
  <testcase name="testSetTextFieldStyle()" classname="com.example.scheduler.tests.Utils.CommonUtilTest" time="0.464"/>
  <testcase name="testCreateResetButton()" classname="com.example.scheduler.tests.Utils.CommonUtilTest" time="0.235"/>
  <system-out><![CDATA[]]></system-out>
  <system-err><![CDATA[]]></system-err>
</testsuite>
