<?xml version="1.0" encoding="UTF-8"?>
<testsuite name="com.example.scheduler.tests.Utils.ExcelUtilsTest" tests="14" skipped="0" failures="0" errors="0" timestamp="2023-12-02T17:41:34" hostname="DESKTOP-DVH4IG9" time="5.342">
  <properties/>
  <testcase name="uploadSPNtest()" classname="com.example.scheduler.tests.Utils.ExcelUtilsTest" time="1.717"/>
  <testcase name="testLoadConfigProps()" classname="com.example.scheduler.tests.Utils.ExcelUtilsTest" time="0.236"/>
  <testcase name="testCreateOrGetSheet()" classname="com.example.scheduler.tests.Utils.ExcelUtilsTest" time="0.29"/>
  <testcase name="testCreateSheet()" classname="com.example.scheduler.tests.Utils.ExcelUtilsTest" time="0.245"/>
  <testcase name="testCreateTitle()" classname="com.example.scheduler.tests.Utils.ExcelUtilsTest" time="0.341"/>
  <testcase name="testCreateHeaderStyle()" classname="com.example.scheduler.tests.Utils.ExcelUtilsTest" time="0.26"/>
  <testcase name="testGroupPlacement()" classname="com.example.scheduler.tests.Utils.ExcelUtilsTest" time="0.234"/>
  <testcase name="testSetColumnsSize()" classname="com.example.scheduler.tests.Utils.ExcelUtilsTest" time="0.353"/>
  <testcase name="testCreateCellStyle()" classname="com.example.scheduler.tests.Utils.ExcelUtilsTest" time="0.244"/>
  <testcase name="testGroupPlacement2()" classname="com.example.scheduler.tests.Utils.ExcelUtilsTest" time="0.391"/>
  <testcase name="testGroupPlacement3()" classname="com.example.scheduler.tests.Utils.ExcelUtilsTest" time="0.261"/>
  <testcase name="testGroupPlacement4()" classname="com.example.scheduler.tests.Utils.ExcelUtilsTest" time="0.24"/>
  <testcase name="testFillHeaders()" classname="com.example.scheduler.tests.Utils.ExcelUtilsTest" time="0.264"/>
  <testcase name="createPlanNameTest()" classname="com.example.scheduler.tests.Utils.ExcelUtilsTest" time="0.238"/>
  <system-out><![CDATA[]]></system-out>
  <system-err><![CDATA[]]></system-err>
</testsuite>
