<?xml version="1.0" encoding="UTF-8"?>
<testsuite name="com.example.scheduler.tests.Utils.ValidatorUtilTest" tests="16" skipped="0" failures="0" errors="0" timestamp="2023-12-13T09:07:32" hostname="DESKTOP-DVH4IG9" time="5.128">
  <properties/>
  <testcase name="testCreateNotEmptyConstraint()" classname="com.example.scheduler.tests.Utils.ValidatorUtilTest" time="0.321"/>
  <testcase name="createMoreThanOneLetterConstraint()" classname="com.example.scheduler.tests.Utils.ValidatorUtilTest" time="0.315"/>
  <testcase name="createPostalCodeConstraint()" classname="com.example.scheduler.tests.Utils.ValidatorUtilTest" time="0.321"/>
  <testcase name="createFirstLetterBigConstraint()" classname="com.example.scheduler.tests.Utils.ValidatorUtilTest" time="0.319"/>
  <testcase name="testCreateOnlyBigLettersConstraint()" classname="com.example.scheduler.tests.Utils.ValidatorUtilTest" time="0.312"/>
  <testcase name="testCreateNoSpecialCharsExceptDigitsConstraint()" classname="com.example.scheduler.tests.Utils.ValidatorUtilTest" time="0.318"/>
  <testcase name="createNoLongerThan30LettersConstraint()" classname="com.example.scheduler.tests.Utils.ValidatorUtilTest" time="0.316"/>
  <testcase name="createNoLongerThanSixLettersConstraint()" classname="com.example.scheduler.tests.Utils.ValidatorUtilTest" time="0.364"/>
  <testcase name="createNoSpecialCharsConstraint()" classname="com.example.scheduler.tests.Utils.ValidatorUtilTest" time="0.325"/>
  <testcase name="testCreateBigLetterConstraint()" classname="com.example.scheduler.tests.Utils.ValidatorUtilTest" time="0.314"/>
  <testcase name="testCreateExactlyNineDigitConstraint()" classname="com.example.scheduler.tests.Utils.ValidatorUtilTest" time="0.316"/>
  <testcase name="testCreateContainsDigitConstraint()" classname="com.example.scheduler.tests.Utils.ValidatorUtilTest" time="0.321"/>
  <testcase name="createOnlyDigitsAllowedConstraint()" classname="com.example.scheduler.tests.Utils.ValidatorUtilTest" time="0.309"/>
  <testcase name="createIncorrectEmailConstraint()" classname="com.example.scheduler.tests.Utils.ValidatorUtilTest" time="0.315"/>
  <testcase name="testCreateEqualPasswordsConstraint()" classname="com.example.scheduler.tests.Utils.ValidatorUtilTest" time="0.311"/>
  <testcase name="createLettersSmallExceptFirstConstraint()" classname="com.example.scheduler.tests.Utils.ValidatorUtilTest" time="0.316"/>
  <system-out><![CDATA[]]></system-out>
  <system-err><![CDATA[]]></system-err>
</testsuite>
